<?xml version="1.0" encoding="UTF-8"?>
<testsuite xmlns:xsi="http://www.w3.org/2001/XMLSchema-instance" xsi:noNamespaceSchemaLocation="https://maven.apache.org/surefire/maven-surefire-plugin/xsd/surefire-test-report-3.0.xsd" version="3.0" name="com.edu.tecazuay.ApiMongoApplicationTests" time="5.831" tests="1" errors="0" skipped="0" failures="0">
  <properties>
[...]
</properties>
  <testcase name="contextLoads" classname="com.edu.tecazuay.ApiMongoApplicationTests" time="1.126">
    <system-out><![CDATA[22:05:55.222 [main] INFO org.springframework.test.context.support.AnnotationConfigContextLoaderUtils -- Could not detect default configuration classes for test class [com.edu.tecazuay.ApiMongoApplicationTests]: ApiMongoApplicationTests does not declare any static, non-private, non-final, nested classes annotated with @Configuration.
22:05:55.337 [main] INFO org.springframework.boot.test.context.SpringBootTestContextBootstrapper -- Found @SpringBootConfiguration com.edu.tecazuay.ApiMongoApplication for test class com.edu.tecazuay.ApiMongoApplicationTests
22:05:55.581 [main] INFO org.springframework.boot.devtools.restart.RestartApplicationListener -- Restart disabled due to context in which it is running

  .   ____          _            __ _ _
 /\\ / ___'_ __ _ _(_)_ __  __ _ \ \ \ \
( ( )\___ | '_ | '_| | '_ \/ _` | \ \ \ \
 \\/  ___)| |_)| | | | | || (_| |  ) ) ) )
  '  |____| .__|_| |_|_| |_\__, | / / / /
 =========|_|==============|___/=/_/_/_/
 :: Spring Boot ::                (v3.2.2)

2024-01-24T22:05:55.878-05:00  INFO 2484 --- [           main] c.edu.tecazuay.ApiMongoApplicationTests  : Starting ApiMongoApplicationTests using Java 17.0.7 with PID 2484 (started by USUARIO in C:\Users\USUARIO\Downloads\API-Mongo)
2024-01-24T22:05:55.879-05:00  INFO 2484 --- [           main] c.edu.tecazuay.ApiMongoApplicationTests  : No active profile set, falling back to 1 default profile: "default"
2024-01-24T22:05:56.787-05:00  INFO 2484 --- [           main] .s.d.r.c.RepositoryConfigurationDelegate : Bootstrapping Spring Data MongoDB repositories in DEFAULT mode.
2024-01-24T22:05:56.861-05:00  INFO 2484 --- [           main] .s.d.r.c.RepositoryConfigurationDelegate : Finished Spring Data repository scanning in 65 ms. Found 1 MongoDB repository interface.
2024-01-24T22:05:57.504-05:00  INFO 2484 --- [           main] org.mongodb.driver.client                : MongoClient with metadata {"driver": {"name": "mongo-java-driver|sync|spring-boot", "version": "4.11.1"}, "os": {"type": "Windows", "name": "Windows 10", "architecture": "amd64", "version": "10.0"}, "platform": "Java/Eclipse Adoptium/17.0.7+7"} created with settings MongoClientSettings{readPreference=primary, writeConcern=WriteConcern{w=majority, wTimeout=null ms, journal=null}, retryWrites=true, retryReads=true, readConcern=ReadConcern{level=null}, credential=MongoCredential{mechanism=null, userName='alejandro', source='admin', password=<hidden>, mechanismProperties=<hidden>}, transportSettings=null, streamFactoryFactory=null, commandListeners=[], codecRegistry=ProvidersCodecRegistry{codecProviders=[ValueCodecProvider{}, BsonValueCodecProvider{}, DBRefCodecProvider{}, DBObjectCodecProvider{}, DocumentCodecProvider{}, CollectionCodecProvider{}, IterableCodecProvider{}, MapCodecProvider{}, GeoJsonCodecProvider{}, GridFSFileCodecProvider{}, Jsr310CodecProvider{}, JsonObjectCodecProvider{}, BsonCodecProvider{}, EnumCodecProvider{}, com.mongodb.client.model.mql.ExpressionCodecProvider@193eb1ba, com.mongodb.Jep395RecordCodecProvider@2be818da, com.mongodb.KotlinCodecProvider@46320c9a]}, loggerSettings=LoggerSettings{maxDocumentLength=1000}, clusterSettings={hosts=[127.0.0.1:27017], srvHost=cluster1.x6i8r9q.mongodb.net, srvServiceName=mongodb, mode=MULTIPLE, requiredClusterType=REPLICA_SET, requiredReplicaSetName='atlas-571pge-shard-0', serverSelector='null', clusterListeners='[]', serverSelectionTimeout='30000 ms', localThreshold='15 ms'}, socketSettings=SocketSettings{connectTimeoutMS=10000, readTimeoutMS=0, receiveBufferSize=0, proxySettings=ProxySettings{host=null, port=null, username=null, password=null}}, heartbeatSocketSettings=SocketSettings{connectTimeoutMS=10000, readTimeoutMS=10000, receiveBufferSize=0, proxySettings=ProxySettings{host=null, port=null, username=null, password=null}}, connectionPoolSettings=ConnectionPoolSettings{maxSize=100, minSize=0, maxWaitTimeMS=120000, maxConnectionLifeTimeMS=0, maxConnectionIdleTimeMS=0, maintenanceInitialDelayMS=0, maintenanceFrequencyMS=60000, connectionPoolListeners=[], maxConnecting=2}, serverSettings=ServerSettings{heartbeatFrequencyMS=10000, minHeartbeatFrequencyMS=500, serverListeners='[]', serverMonitorListeners='[]'}, sslSettings=SslSettings{enabled=true, invalidHostNameAllowed=false, context=null}, applicationName='null', compressorList=[], uuidRepresentation=JAVA_LEGACY, serverApi=null, autoEncryptionSettings=null, dnsClient=null, inetAddressResolver=null, contextProvider=null}
2024-01-24T22:05:57.581-05:00  INFO 2484 --- [r9q.mongodb.net] org.mongodb.driver.cluster               : Adding discovered server ac-mpsleue-shard-00-02.x6i8r9q.mongodb.net:27017 to client view of cluster
2024-01-24T22:05:57.618-05:00  INFO 2484 --- [r9q.mongodb.net] org.mongodb.driver.cluster               : Adding discovered server ac-mpsleue-shard-00-00.x6i8r9q.mongodb.net:27017 to client view of cluster
2024-01-24T22:05:57.622-05:00  INFO 2484 --- [r9q.mongodb.net] org.mongodb.driver.cluster               : Adding discovered server ac-mpsleue-shard-00-01.x6i8r9q.mongodb.net:27017 to client view of cluster
2024-01-24T22:05:59.525-05:00  INFO 2484 --- [ngodb.net:27017] org.mongodb.driver.cluster               : Monitor thread successfully connected to server with description ServerDescription{address=ac-mpsleue-shard-00-02.x6i8r9q.mongodb.net:27017, type=REPLICA_SET_SECONDARY, state=CONNECTED, ok=true, minWireVersion=0, maxWireVersion=17, maxDocumentSize=16777216, logicalSessionTimeoutMinutes=30, roundTripTimeNanos=466954700, setName='atlas-571pge-shard-0', canonicalAddress=ac-mpsleue-shard-00-02.x6i8r9q.mongodb.net:27017, hosts=[ac-mpsleue-shard-00-00.x6i8r9q.mongodb.net:27017, ac-mpsleue-shard-00-01.x6i8r9q.mongodb.net:27017, ac-mpsleue-shard-00-02.x6i8r9q.mongodb.net:27017], passives=[], arbiters=[], primary='ac-mpsleue-shard-00-01.x6i8r9q.mongodb.net:27017', tagSet=TagSet{[Tag{name='availabilityZone', value='use1-az6'}, Tag{name='diskState', value='READY'}, Tag{name='nodeType', value='ELECTABLE'}, Tag{name='provider', value='AWS'}, Tag{name='region', value='US_EAST_1'}, Tag{name='workloadType', value='OPERATIONAL'}]}, electionId=null, setVersion=13, topologyVersion=TopologyVersion{processId=65b0452c86567cdd35cbec1e, counter=3}, lastWriteDate=Wed Jan 24 22:05:58 ECT 2024, lastUpdateTimeNanos=28045149439600}
2024-01-24T22:05:59.525-05:00  INFO 2484 --- [ngodb.net:27017] org.mongodb.driver.cluster               : Monitor thread successfully connected to server with description ServerDescription{address=ac-mpsleue-shard-00-01.x6i8r9q.mongodb.net:27017, type=REPLICA_SET_PRIMARY, state=CONNECTED, ok=true, minWireVersion=0, maxWireVersion=17, maxDocumentSize=16777216, logicalSessionTimeoutMinutes=30, roundTripTimeNanos=467451400, setName='atlas-571pge-shard-0', canonicalAddress=ac-mpsleue-shard-00-01.x6i8r9q.mongodb.net:27017, hosts=[ac-mpsleue-shard-00-00.x6i8r9q.mongodb.net:27017, ac-mpsleue-shard-00-01.x6i8r9q.mongodb.net:27017, ac-mpsleue-shard-00-02.x6i8r9q.mongodb.net:27017], passives=[], arbiters=[], primary='ac-mpsleue-shard-00-01.x6i8r9q.mongodb.net:27017', tagSet=TagSet{[Tag{name='availabilityZone', value='use1-az4'}, Tag{name='diskState', value='READY'}, Tag{name='nodeType', value='ELECTABLE'}, Tag{name='provider', value='AWS'}, Tag{name='region', value='US_EAST_1'}, Tag{name='workloadType', value='OPERATIONAL'}]}, electionId=7fffffff00000000000003dd, setVersion=13, topologyVersion=TopologyVersion{processId=65b0439a5fb6f4592f44764b, counter=6}, lastWriteDate=Wed Jan 24 22:05:58 ECT 2024, lastUpdateTimeNanos=28045149439500}
2024-01-24T22:05:59.534-05:00  INFO 2484 --- [ngodb.net:27017] org.mongodb.driver.cluster               : Discovered replica set primary ac-mpsleue-shard-00-01.x6i8r9q.mongodb.net:27017 with max election id 7fffffff00000000000003dd and max set version 13
2024-01-24T22:05:59.617-05:00  INFO 2484 --- [ngodb.net:27017] org.mongodb.driver.cluster               : Monitor thread successfully connected to server with description ServerDescription{address=ac-mpsleue-shard-00-00.x6i8r9q.mongodb.net:27017, type=REPLICA_SET_SECONDARY, state=CONNECTED, ok=true, minWireVersion=0, maxWireVersion=17, maxDocumentSize=16777216, logicalSessionTimeoutMinutes=30, roundTripTimeNanos=559880400, setName='atlas-571pge-shard-0', canonicalAddress=ac-mpsleue-shard-00-00.x6i8r9q.mongodb.net:27017, hosts=[ac-mpsleue-shard-00-00.x6i8r9q.mongodb.net:27017, ac-mpsleue-shard-00-01.x6i8r9q.mongodb.net:27017, ac-mpsleue-shard-00-02.x6i8r9q.mongodb.net:27017], passives=[], arbiters=[], primary='ac-mpsleue-shard-00-01.x6i8r9q.mongodb.net:27017', tagSet=TagSet{[Tag{name='availabilityZone', value='use1-az2'}, Tag{name='diskState', value='READY'}, Tag{name='nodeType', value='ELECTABLE'}, Tag{name='provider', value='AWS'}, Tag{name='region', value='US_EAST_1'}, Tag{name='workloadType', value='OPERATIONAL'}]}, electionId=null, setVersion=13, topologyVersion=TopologyVersion{processId=65b042896f6b67077f544193, counter=4}, lastWriteDate=Wed Jan 24 22:05:58 ECT 2024, lastUpdateTimeNanos=28045244081800}
2024-01-24T22:05:59.709-05:00  INFO 2484 --- [           main] c.edu.tecazuay.ApiMongoApplicationTests  : Started ApiMongoApplicationTests in 4.146 seconds (process running for 5.367)
]]></system-out>
  </testcase>
</testsuite>